Arguments: 
  /usr/local/bin/node /usr/share/yarn/bin/yarn.js create react-app app

PATH: 
  /home/tka/anaconda3/bin:/home/tka/bin:/home/tka/.local/bin:/usr/local/sbin:/usr/local/bin:/usr/sbin:/usr/bin:/sbin:/bin:/usr/games:/usr/local/games:/snap/bin:/usr/lib/jvm/java-8-oracle/bin:/usr/lib/jvm/java-8-oracle/db/bin:/usr/lib/jvm/java-8-oracle/jre/bin

Yarn version: 
  0.16.1

Node version: 
  10.10.0

Platform: 
  linux x64

npm manifest: 
  "dependencies": {
      "bootstrap": "4.1.3",
      "react-cookie": "3.0.4",
      "react-router-dom": "4.3.1",
      "reactstrap": "6.5.0"
    }

yarn manifest: 
  No manifest

bower manifest: 
  No manifest

Lockfile: 
  No lockfile

Trace: 
  SyntaxError: /home/tka/projects/reactspring/package.json: Unexpected token : in JSON at position 14
      at JSON.parse (<anonymous>)
      at /usr/share/yarn/lib/util/fs.js:271:57
      at Generator.next (<anonymous>)
      at step (/usr/share/yarn/node_modules/babel-runtime/helpers/asyncToGenerator.js:17:30)
      at /usr/share/yarn/node_modules/babel-runtime/helpers/asyncToGenerator.js:28:20
